<?xml version="1.0" encoding="UTF-8"?>
<!-- Generated by org.testng.reporters.JUnitReportReporter -->
<testsuite skipped="0" name="com.craftvilla.testscrits.Demo" tests="1" failures="0" timestamp="02 Nov 2017 10:51:39 GMT" time="5.124" errors="0">
  <testcase name="demo" time="5.124" classname="com.craftvilla.testscrits.Demo"/>
</testsuite> <!-- com.craftvilla.testscrits.Demo -->
